<?xml version="1.0" encoding="UTF-8"?>
<!-- Generated by org.testng.reporters.JUnitXMLReporter -->
<testsuite ignored="0" hostname="DESKTOP-HHQ3JBR" failures="1" tests="1" name="firefoxTest" time="198.739" errors="0" timestamp="2025-12-14T19:39:30 IST">
  <testcase classname="testCases.TC001Accontregistrationpage" name="verifyaccontreg" time="2.865">
    <failure type="java.lang.AssertionError" message="null">
      <![CDATA[java.lang.AssertionError: null
at testCases.TC001Accontregistrationpage.verifyaccontreg(TC001Accontregistrationpage.java:55)
at java.base/java.util.ArrayList.forEach(ArrayList.java:1511)
at java.base/java.util.concurrent.FutureTask.run(FutureTask.java:264)
at java.base/java.util.concurrent.ThreadPoolExecutor.runWorker(ThreadPoolExecutor.java:1136)
at java.base/java.util.concurrent.ThreadPoolExecutor$Worker.run(ThreadPoolExecutor.java:635)
at java.base/java.lang.Thread.run(Thread.java:833)
... Removed 19 stack frames]]>
    </failure>
  </testcase> <!-- verifyaccontreg -->
</testsuite> <!-- firefoxTest -->
