<?xml version="1.0" encoding="UTF-8"?>
<testng-results ignored="0" total="2" passed="2" failed="0" skipped="0">
  <reporter-output>
  </reporter-output>
  <suite started-at="2025-12-15T18:21:25 IST" name="Master Suite" finished-at="2025-12-15T18:21:45 IST" duration-ms="19517">
    <groups>
      <group name="Master">
        <method signature="TC001Accontregistrationpage.verifyaccontreg()[pri:0, instance:testCases.TC001Accontregistrationpage@54eb2b70]" name="verifyaccontreg" class="testCases.TC001Accontregistrationpage"/>
        <method signature="TC002loginpage.verifylogin()[pri:0, instance:testCases.TC002loginpage@f107c50]" name="verifylogin" class="testCases.TC002loginpage"/>
      </group> <!-- Master -->
      <group name="Sanity">
        <method signature="TC002loginpage.verifylogin()[pri:0, instance:testCases.TC002loginpage@f107c50]" name="verifylogin" class="testCases.TC002loginpage"/>
      </group> <!-- Sanity -->
      <group name="Regression">
        <method signature="TC001Accontregistrationpage.verifyaccontreg()[pri:0, instance:testCases.TC001Accontregistrationpage@54eb2b70]" name="verifyaccontreg" class="testCases.TC001Accontregistrationpage"/>
      </group> <!-- Regression -->
    </groups>
    <test started-at="2025-12-15T18:21:25 IST" name="Test" finished-at="2025-12-15T18:21:45 IST" duration-ms="19517">
      <class name="testCases.TC001Accontregistrationpage">
        <test-method is-config="true" signature="setup(java.lang.String,java.lang.String)[pri:0, instance:testCases.TC001Accontregistrationpage@54eb2b70]" started-at="2025-12-15T18:21:26 IST" name="setup" finished-at="2025-12-15T18:21:32 IST" duration-ms="6797" status="PASS">
          <params>
            <param index="0">
              <value>
                <![CDATA[windows]]>
              </value>
            </param>
            <param index="1">
              <value>
                <![CDATA[chrome]]>
              </value>
            </param>
          </params>
          <reporter-output>
          </reporter-output>
        </test-method> <!-- setup -->
        <test-method signature="verifyaccontreg()[pri:0, instance:testCases.TC001Accontregistrationpage@54eb2b70]" started-at="2025-12-15T18:21:32 IST" name="verifyaccontreg" finished-at="2025-12-15T18:21:36 IST" duration-ms="3360" status="PASS">
          <reporter-output>
          </reporter-output>
        </test-method> <!-- verifyaccontreg -->
        <test-method is-config="true" signature="teardown()[pri:0, instance:testCases.TC001Accontregistrationpage@54eb2b70]" started-at="2025-12-15T18:21:36 IST" name="teardown" finished-at="2025-12-15T18:21:36 IST" duration-ms="287" status="PASS">
          <reporter-output>
          </reporter-output>
        </test-method> <!-- teardown -->
      </class> <!-- testCases.TC001Accontregistrationpage -->
      <class name="testCases.TC002loginpage">
        <test-method is-config="true" signature="setup(java.lang.String,java.lang.String)[pri:0, instance:testCases.TC002loginpage@f107c50]" started-at="2025-12-15T18:21:36 IST" name="setup" finished-at="2025-12-15T18:21:40 IST" duration-ms="4470" status="PASS">
          <params>
            <param index="0">
              <value>
                <![CDATA[windows]]>
              </value>
            </param>
            <param index="1">
              <value>
                <![CDATA[chrome]]>
              </value>
            </param>
          </params>
          <reporter-output>
          </reporter-output>
        </test-method> <!-- setup -->
        <test-method signature="verifylogin()[pri:0, instance:testCases.TC002loginpage@f107c50]" started-at="2025-12-15T18:21:40 IST" name="verifylogin" finished-at="2025-12-15T18:21:45 IST" duration-ms="4074" status="PASS">
          <reporter-output>
          </reporter-output>
        </test-method> <!-- verifylogin -->
        <test-method is-config="true" signature="teardown()[pri:0, instance:testCases.TC002loginpage@f107c50]" started-at="2025-12-15T18:21:45 IST" name="teardown" finished-at="2025-12-15T18:21:45 IST" duration-ms="252" status="PASS">
          <reporter-output>
          </reporter-output>
        </test-method> <!-- teardown -->
      </class> <!-- testCases.TC002loginpage -->
    </test> <!-- Test -->
  </suite> <!-- Master Suite -->
</testng-results>
